
> nx run api:test

> jest --config jest.config.js

 FAIL  src/infrastructure/auth/guards/jwt-auth.guard.spec.ts (13.759 s)
  Ã”Ã¹Ã… JwtAuthGuard Ã”Ã‡â•‘ canActivate Ã”Ã‡â•‘ should allow access for public routes

    expect(jest.fn()).toHaveBeenCalledWith(...expected)

    Expected: "isPublic", [undefined, undefined]

    Number of calls: 0

      31 |
      32 |       expect(result).toBe(true);
    > 33 |       expect(reflector.getAllAndOverride).toHaveBeenCalledWith('isPublic', [
         |                                           ^
      34 |         mockContext.getHandler(),
      35 |         mockContext.getClass(),
      36 |       ]);

      at Object.<anonymous> (infrastructure/auth/guards/jwt-auth.guard.spec.ts:33:43)

  Ã”Ã¹Ã… JwtAuthGuard Ã”Ã‡â•‘ canActivate Ã”Ã‡â•‘ should call parent canActivate for protected routes

    expect(jest.fn()).toHaveBeenCalledWith(...expected)

    Expected: "isPublic", [undefined, undefined]

    Number of calls: 0

      55 |       guard.canActivate(mockContext);
      56 |
    > 57 |       expect(reflector.getAllAndOverride).toHaveBeenCalledWith('isPublic', [
         |                                           ^
      58 |         mockContext.getHandler(),
      59 |         mockContext.getClass(),
      60 |       ]);

      at Object.<anonymous> (infrastructure/auth/guards/jwt-auth.guard.spec.ts:57:43)

 PASS  src/infrastructure/auth/strategies/jwt.strategy.spec.ts (13.906 s)
 PASS  src/presentation/health/health.controller.spec.ts (13.921 s)
 PASS  src/application/auth/services/auth.service.spec.ts (14.408 s)
 PASS  src/application/users/services/users.service.spec.ts
 FAIL  src/infrastructure/database/repositories/initiatives.repository.spec.ts (14.98 s)
  Ã”Ã¹Ã… InitiativesRepository Ã”Ã‡â•‘ findById Ã”Ã‡â•‘ should return one initiative

    expect(received).toBe(expected) // Object.is equality

    Expected: {}
    Received: undefined

      49 |       const result = new Initiative();
      50 |       mockTypeOrmRepository.findOneBy.mockResolvedValue(result);
    > 51 |       expect(await repository.findById('1')).toBe(result);
         |                                              ^
      52 |     });
      53 |   });
      54 |

      at Object.<anonymous> (infrastructure/database/repositories/initiatives.repository.spec.ts:51:46)

  Ã”Ã¹Ã… InitiativesRepository Ã”Ã‡â•‘ update Ã”Ã‡â•‘ should update an initiative

    expect(received).toBe(expected) // Object.is equality

    Expected: {}
    Received: undefined

      66 |       mockTypeOrmRepository.update.mockResolvedValue(undefined);
      67 |       mockTypeOrmRepository.findOneBy.mockResolvedValue(initiative);
    > 68 |       expect(await repository.update('1', {})).toBe(initiative);
         |                                                ^
      69 |     });
      70 |   });
      71 |

      at Object.<anonymous> (infrastructure/database/repositories/initiatives.repository.spec.ts:68:48)

 PASS  src/application/portfolios/services/portfolios.service.spec.ts
 PASS  src/app.controller.spec.ts
 PASS  src/shared/interceptors/timeout.interceptor.spec.ts
 PASS  src/shared/decorators/api-paginated-response.decorator.spec.ts (15.283 s)
 PASS  src/shared/interceptors/transform.interceptor.spec.ts
 PASS  src/shared/dto/pagination.dto.spec.ts (15.321 s)
 PASS  src/application/catalogs/services/catalogs.service.spec.ts
 PASS  src/shared/config/config.validation.spec.ts
[Nest] 10188  - 19/12/2025, 4:09:52 p.â”¬Ã¡m.   ERROR [HttpExceptionFilter] GET /test - 400 - Test error
HttpException: Test error
    at Object.<anonymous> (C:\MySources\RP-Requirements-Web\rp-workspace\apps\api\src\shared\filters\http-exception.filter.spec.ts:32:25)
    at Promise.then.completed (C:\MySources\RP-Requirements-Web\rp-workspace\apps\api\node_modules\jest-circus\build\utils.js:298:28)
    at new Promise (<anonymous>)
    at callAsyncCircusFn (C:\MySources\RP-Requirements-Web\rp-workspace\apps\api\node_modules\jest-circus\build\utils.js:231:10)
    at _callCircusTest (C:\MySources\RP-Requirements-Web\rp-workspace\apps\api\node_modules\jest-circus\build\run.js:316:40)
    at processTicksAndRejections (node:internal/process/task_queues:105:5)
    at _runTest (C:\MySources\RP-Requirements-Web\rp-workspace\apps\api\node_modules\jest-circus\build\run.js:252:3)
    at _runTestsForDescribeBlock (C:\MySources\RP-Requirements-Web\rp-workspace\apps\api\node_modules\jest-circus\build\run.js:126:9)
    at _runTestsForDescribeBlock (C:\MySources\RP-Requirements-Web\rp-workspace\apps\api\node_modules\jest-circus\build\run.js:121:9)
    at _runTestsForDescribeBlock (C:\MySources\RP-Requirements-Web\rp-workspace\apps\api\node_modules\jest-circus\build\run.js:121:9)
    at run (C:\MySources\RP-Requirements-Web\rp-workspace\apps\api\node_modules\jest-circus\build\run.js:71:3)
    at runAndTransformResultsToJestFormat (C:\MySources\RP-Requirements-Web\rp-workspace\apps\api\node_modules\jest-circus\build\legacy-code-todo-rewrite\jestAdapterInit.js:122:21)
    at jestAdapter (C:\MySources\RP-Requirements-Web\rp-workspace\apps\api\node_modules\jest-circus\build\legacy-code-todo-rewrite\jestAdapter.js:79:19)
    at runTestInternal (C:\MySources\RP-Requirements-Web\rp-workspace\apps\api\node_modules\jest-runner\build\runTest.js:367:16)
    at runTest (C:\MySources\RP-Requirements-Web\rp-workspace\apps\api\node_modules\jest-runner\build\runTest.js:444:34)
    at Object.worker (C:\MySources\RP-Requirements-Web\rp-workspace\apps\api\node_modules\jest-runner\build\testWorker.js:106:12)
[Nest] 10188  - 19/12/2025, 4:09:52 p.â”¬Ã¡m.   ERROR [HttpExceptionFilter] GET /test - 400 - Custom error
HttpException: Custom error
    at Object.<anonymous> (C:\MySources\RP-Requirements-Web\rp-workspace\apps\api\src\shared\filters\http-exception.filter.spec.ts:46:25)
    at Promise.then.completed (C:\MySources\RP-Requirements-Web\rp-workspace\apps\api\node_modules\jest-circus\build\utils.js:298:28)
    at new Promise (<anonymous>)
    at callAsyncCircusFn (C:\MySources\RP-Requirements-Web\rp-workspace\apps\api\node_modules\jest-circus\build\utils.js:231:10)
    at _callCircusTest (C:\MySources\RP-Requirements-Web\rp-workspace\apps\api\node_modules\jest-circus\build\run.js:316:40)
    at processTicksAndRejections (node:internal/process/task_queues:105:5)
    at _runTest (C:\MySources\RP-Requirements-Web\rp-workspace\apps\api\node_modules\jest-circus\build\run.js:252:3)
    at _runTestsForDescribeBlock (C:\MySources\RP-Requirements-Web\rp-workspace\apps\api\node_modules\jest-circus\build\run.js:126:9)
    at _runTestsForDescribeBlock (C:\MySources\RP-Requirements-Web\rp-workspace\apps\api\node_modules\jest-circus\build\run.js:121:9)
    at _runTestsForDescribeBlock (C:\MySources\RP-Requirements-Web\rp-workspace\apps\api\node_modules\jest-circus\build\run.js:121:9)
    at run (C:\MySources\RP-Requirements-Web\rp-workspace\apps\api\node_modules\jest-circus\build\run.js:71:3)
    at runAndTransformResultsToJestFormat (C:\MySources\RP-Requirements-Web\rp-workspace\apps\api\node_modules\jest-circus\build\legacy-code-todo-rewrite\jestAdapterInit.js:122:21)
    at jestAdapter (C:\MySources\RP-Requirements-Web\rp-workspace\apps\api\node_modules\jest-circus\build\legacy-code-todo-rewrite\jestAdapter.js:79:19)
    at runTestInternal (C:\MySources\RP-Requirements-Web\rp-workspace\apps\api\node_modules\jest-runner\build\runTest.js:367:16)
    at runTest (C:\MySources\RP-Requirements-Web\rp-workspace\apps\api\node_modules\jest-runner\build\runTest.js:444:34)
    at Object.worker (C:\MySources\RP-Requirements-Web\rp-workspace\apps\api\node_modules\jest-runner\build\testWorker.js:106:12)
[Nest] 10188  - 19/12/2025, 4:09:52 p.â”¬Ã¡m.   ERROR [HttpExceptionFilter] GET /test - 400 - Http Exception
HttpException: Http Exception
    at Object.<anonymous> (C:\MySources\RP-Requirements-Web\rp-workspace\apps\api\src\shared\filters\http-exception.filter.spec.ts:62:25)
    at Promise.then.completed (C:\MySources\RP-Requirements-Web\rp-workspace\apps\api\node_modules\jest-circus\build\utils.js:298:28)
    at new Promise (<anonymous>)
    at callAsyncCircusFn (C:\MySources\RP-Requirements-Web\rp-workspace\apps\api\node_modules\jest-circus\build\utils.js:231:10)
    at _callCircusTest (C:\MySources\RP-Requirements-Web\rp-workspace\apps\api\node_modules\jest-circus\build\run.js:316:40)
    at processTicksAndRejections (node:internal/process/task_queues:105:5)
    at _runTest (C:\MySources\RP-Requirements-Web\rp-workspace\apps\api\node_modules\jest-circus\build\run.js:252:3)
    at _runTestsForDescribeBlock (C:\MySources\RP-Requirements-Web\rp-workspace\apps\api\node_modules\jest-circus\build\run.js:126:9)
    at _runTestsForDescribeBlock (C:\MySources\RP-Requirements-Web\rp-workspace\apps\api\node_modules\jest-circus\build\run.js:121:9)
    at _runTestsForDescribeBlock (C:\MySources\RP-Requirements-Web\rp-workspace\apps\api\node_modules\jest-circus\build\run.js:121:9)
    at run (C:\MySources\RP-Requirements-Web\rp-workspace\apps\api\node_modules\jest-circus\build\run.js:71:3)
    at runAndTransformResultsToJestFormat (C:\MySources\RP-Requirements-Web\rp-workspace\apps\api\node_modules\jest-circus\build\legacy-code-todo-rewrite\jestAdapterInit.js:122:21)
    at jestAdapter (C:\MySources\RP-Requirements-Web\rp-workspace\apps\api\node_modules\jest-circus\build\legacy-code-todo-rewrite\jestAdapter.js:79:19)
    at runTestInternal (C:\MySources\RP-Requirements-Web\rp-workspace\apps\api\node_modules\jest-runner\build\runTest.js:367:16)
    at runTest (C:\MySources\RP-Requirements-Web\rp-workspace\apps\api\node_modules\jest-runner\build\runTest.js:444:34)
    at Object.worker (C:\MySources\RP-Requirements-Web\rp-workspace\apps\api\node_modules\jest-runner\build\testWorker.js:106:12)
[Nest] 10188  - 19/12/2025, 4:09:52 p.â”¬Ã¡m.   ERROR [HttpExceptionFilter] GET /test - 400 - Custom error
HttpException: Custom error
    at Object.<anonymous> (C:\MySources\RP-Requirements-Web\rp-workspace\apps\api\src\shared\filters\http-exception.filter.spec.ts:70:25)
    at Promise.then.completed (C:\MySources\RP-Requirements-Web\rp-workspace\apps\api\node_modules\jest-circus\build\utils.js:298:28)
    at new Promise (<anonymous>)
    at callAsyncCircusFn (C:\MySources\RP-Requirements-Web\rp-workspace\apps\api\node_modules\jest-circus\build\utils.js:231:10)
    at _callCircusTest (C:\MySources\RP-Requirements-Web\rp-workspace\apps\api\node_modules\jest-circus\build\run.js:316:40)
    at processTicksAndRejections (node:internal/process/task_queues:105:5)
    at _runTest (C:\MySources\RP-Requirements-Web\rp-workspace\apps\api\node_modules\jest-circus\build\run.js:252:3)
    at _runTestsForDescribeBlock (C:\MySources\RP-Requirements-Web\rp-workspace\apps\api\node_modules\jest-circus\build\run.js:126:9)
    at _runTestsForDescribeBlock (C:\MySources\RP-Requirements-Web\rp-workspace\apps\api\node_modules\jest-circus\build\run.js:121:9)
    at _runTestsForDescribeBlock (C:\MySources\RP-Requirements-Web\rp-workspace\apps\api\node_modules\jest-circus\build\run.js:121:9)
    at run (C:\MySources\RP-Requirements-Web\rp-workspace\apps\api\node_modules\jest-circus\build\run.js:71:3)
    at runAndTransformResultsToJestFormat (C:\MySources\RP-Requirements-Web\rp-workspace\apps\api\node_modules\jest-circus\build\legacy-code-todo-rewrite\jestAdapterInit.js:122:21)
    at jestAdapter (C:\MySources\RP-Requirements-Web\rp-workspace\apps\api\node_modules\jest-circus\build\legacy-code-todo-rewrite\jestAdapter.js:79:19)
    at runTestInternal (C:\MySources\RP-Requirements-Web\rp-workspace\apps\api\node_modules\jest-runner\build\runTest.js:367:16)
    at runTest (C:\MySources\RP-Requirements-Web\rp-workspace\apps\api\node_modules\jest-runner\build\runTest.js:444:34)
    at Object.worker (C:\MySources\RP-Requirements-Web\rp-workspace\apps\api\node_modules\jest-runner\build\testWorker.js:106:12)
[Nest] 10188  - 19/12/2025, 4:09:52 p.â”¬Ã¡m.   ERROR [HttpExceptionFilter] GET /test - 500 - Generic error
Error: Generic error
    at Object.<anonymous> (C:\MySources\RP-Requirements-Web\rp-workspace\apps\api\src\shared\filters\http-exception.filter.spec.ts:78:25)
    at Promise.then.completed (C:\MySources\RP-Requirements-Web\rp-workspace\apps\api\node_modules\jest-circus\build\utils.js:298:28)
    at new Promise (<anonymous>)
    at callAsyncCircusFn (C:\MySources\RP-Requirements-Web\rp-workspace\apps\api\node_modules\jest-circus\build\utils.js:231:10)
    at _callCircusTest (C:\MySources\RP-Requirements-Web\rp-workspace\apps\api\node_modules\jest-circus\build\run.js:316:40)
    at processTicksAndRejections (node:internal/process/task_queues:105:5)
    at _runTest (C:\MySources\RP-Requirements-Web\rp-workspace\apps\api\node_modules\jest-circus\build\run.js:252:3)
    at _runTestsForDescribeBlock (C:\MySources\RP-Requirements-Web\rp-workspace\apps\api\node_modules\jest-circus\build\run.js:126:9)
    at _runTestsForDescribeBlock (C:\MySources\RP-Requirements-Web\rp-workspace\apps\api\node_modules\jest-circus\build\run.js:121:9)
    at _runTestsForDescribeBlock (C:\MySources\RP-Requirements-Web\rp-workspace\apps\api\node_modules\jest-circus\build\run.js:121:9)
    at run (C:\MySources\RP-Requirements-Web\rp-workspace\apps\api\node_modules\jest-circus\build\run.js:71:3)
    at runAndTransformResultsToJestFormat (C:\MySources\RP-Requirements-Web\rp-workspace\apps\api\node_modules\jest-circus\build\legacy-code-todo-rewrite\jestAdapterInit.js:122:21)
    at jestAdapter (C:\MySources\RP-Requirements-Web\rp-workspace\apps\api\node_modules\jest-circus\build\legacy-code-todo-rewrite\jestAdapter.js:79:19)
    at runTestInternal (C:\MySources\RP-Requirements-Web\rp-workspace\apps\api\node_modules\jest-runner\build\runTest.js:367:16)
    at runTest (C:\MySources\RP-Requirements-Web\rp-workspace\apps\api\node_modules\jest-runner\build\runTest.js:444:34)
    at Object.worker (C:\MySources\RP-Requirements-Web\rp-workspace\apps\api\node_modules\jest-runner\build\testWorker.js:106:12)
[Nest] 10188  - 19/12/2025, 4:09:52 p.â”¬Ã¡m.   ERROR [HttpExceptionFilter] GET /test - 500 - Internal error
Error: Internal error
    at Object.<anonymous> (C:\MySources\RP-Requirements-Web\rp-workspace\apps\api\src\shared\filters\http-exception.filter.spec.ts:95:25)
    at Promise.then.completed (C:\MySources\RP-Requirements-Web\rp-workspace\apps\api\node_modules\jest-circus\build\utils.js:298:28)
    at new Promise (<anonymous>)
    at callAsyncCircusFn (C:\MySources\RP-Requirements-Web\rp-workspace\apps\api\node_modules\jest-circus\build\utils.js:231:10)
    at _callCircusTest (C:\MySources\RP-Requirements-Web\rp-workspace\apps\api\node_modules\jest-circus\build\run.js:316:40)
    at processTicksAndRejections (node:internal/process/task_queues:105:5)
    at _runTest (C:\MySources\RP-Requirements-Web\rp-workspace\apps\api\node_modules\jest-circus\build\run.js:252:3)
    at _runTestsForDescribeBlock (C:\MySources\RP-Requirements-Web\rp-workspace\apps\api\node_modules\jest-circus\build\run.js:126:9)
    at _runTestsForDescribeBlock (C:\MySources\RP-Requirements-Web\rp-workspace\apps\api\node_modules\jest-circus\build\run.js:121:9)
    at _runTestsForDescribeBlock (C:\MySources\RP-Requirements-Web\rp-workspace\apps\api\node_modules\jest-circus\build\run.js:121:9)
    at run (C:\MySources\RP-Requirements-Web\rp-workspace\apps\api\node_modules\jest-circus\build\run.js:71:3)
    at runAndTransformResultsToJestFormat (C:\MySources\RP-Requirements-Web\rp-workspace\apps\api\node_modules\jest-circus\build\legacy-code-todo-rewrite\jestAdapterInit.js:122:21)
    at jestAdapter (C:\MySources\RP-Requirements-Web\rp-workspace\apps\api\node_modules\jest-circus\build\legacy-code-todo-rewrite\jestAdapter.js:79:19)
    at runTestInternal (C:\MySources\RP-Requirements-Web\rp-workspace\apps\api\node_modules\jest-runner\build\runTest.js:367:16)
    at runTest (C:\MySources\RP-Requirements-Web\rp-workspace\apps\api\node_modules\jest-runner\build\runTest.js:444:34)
    at Object.worker (C:\MySources\RP-Requirements-Web\rp-workspace\apps\api\node_modules\jest-runner\build\testWorker.js:106:12)
[Nest] 10188  - 19/12/2025, 4:09:52 p.â”¬Ã¡m.   ERROR [HttpExceptionFilter] GET /test - 400 - Test error
HttpException: Test error
    at Object.<anonymous> (C:\MySources\RP-Requirements-Web\rp-workspace\apps\api\src\shared\filters\http-exception.filter.spec.ts:110:25)
    at Promise.then.completed (C:\MySources\RP-Requirements-Web\rp-workspace\apps\api\node_modules\jest-circus\build\utils.js:298:28)
    at new Promise (<anonymous>)
    at callAsyncCircusFn (C:\MySources\RP-Requirements-Web\rp-workspace\apps\api\node_modules\jest-circus\build\utils.js:231:10)
    at _callCircusTest (C:\MySources\RP-Requirements-Web\rp-workspace\apps\api\node_modules\jest-circus\build\run.js:316:40)
    at processTicksAndRejections (node:internal/process/task_queues:105:5)
    at _runTest (C:\MySources\RP-Requirements-Web\rp-workspace\apps\api\node_modules\jest-circus\build\run.js:252:3)
    at _runTestsForDescribeBlock (C:\MySources\RP-Requirements-Web\rp-workspace\apps\api\node_modules\jest-circus\build\run.js:126:9)
    at _runTestsForDescribeBlock (C:\MySources\RP-Requirements-Web\rp-workspace\apps\api\node_modules\jest-circus\build\run.js:121:9)
    at _runTestsForDescribeBlock (C:\MySources\RP-Requirements-Web\rp-workspace\apps\api\node_modules\jest-circus\build\run.js:121:9)
    at run (C:\MySources\RP-Requirements-Web\rp-workspace\apps\api\node_modules\jest-circus\build\run.js:71:3)
    at runAndTransformResultsToJestFormat (C:\MySources\RP-Requirements-Web\rp-workspace\apps\api\node_modules\jest-circus\build\legacy-code-todo-rewrite\jestAdapterInit.js:122:21)
    at jestAdapter (C:\MySources\RP-Requirements-Web\rp-workspace\apps\api\node_modules\jest-circus\build\legacy-code-todo-rewrite\jestAdapter.js:79:19)
    at runTestInternal (C:\MySources\RP-Requirements-Web\rp-workspace\apps\api\node_modules\jest-runner\build\runTest.js:367:16)
    at runTest (C:\MySources\RP-Requirements-Web\rp-workspace\apps\api\node_modules\jest-runner\build\runTest.js:444:34)
    at Object.worker (C:\MySources\RP-Requirements-Web\rp-workspace\apps\api\node_modules\jest-runner\build\testWorker.js:106:12)
[Nest] 10188  - 19/12/2025, 4:09:52 p.â”¬Ã¡m.   ERROR [HttpExceptionFilter] GET /test - 500 - Internal server error
 PASS  src/shared/filters/http-exception.filter.spec.ts
 PASS  src/infrastructure/database/database.config.spec.ts
[Nest] 32316  - 19/12/2025, 4:09:52 p.â”¬Ã¡m.   ERROR [LoggingInterceptor] Request Failed: GET /test - Time: 1ms - Error: Test error
 PASS  src/shared/pipes/uuid-validation.pipe.spec.ts
 PASS  src/shared/decorators/public.decorator.spec.ts
 PASS  src/shared/interceptors/logging.interceptor.spec.ts
[32m[Nest] 32316  - [39m19/12/2025, 4:09:52 p.â”¬Ã¡m. [32m    LOG[39m [38;5;3m[LoggingInterceptor] [39m[32mIncoming Request: GET /test - Body: {"password":"***REDACTED***","token":"***REDACTED***"} - Query: {"filter":"value"} - Params: {"id":"123"}[39m
[32m[Nest] 32316  - [39m19/12/2025, 4:09:52 p.â”¬Ã¡m. [32m    LOG[39m [38;5;3m[LoggingInterceptor] [39m[32mOutgoing Response: GET /test - Status: 200 - Time: 2ms[39m
[32m[Nest] 32316  - [39m19/12/2025, 4:09:52 p.â”¬Ã¡m. [32m    LOG[39m [38;5;3m[LoggingInterceptor] [39m[32mIncoming Request: GET /test - Body: {"password":"***REDACTED***","token":"***REDACTED***"} - Query: {"filter":"value"} - Params: {"id":"123"}[39m
[32m[Nest] 32316  - [39m19/12/2025, 4:09:52 p.â”¬Ã¡m. [32m    LOG[39m [38;5;3m[LoggingInterceptor] [39m[32mOutgoing Response: GET /test - Status: 200 - Time: 1ms[39m
[32m[Nest] 32316  - [39m19/12/2025, 4:09:52 p.â”¬Ã¡m. [32m    LOG[39m [38;5;3m[LoggingInterceptor] [39m[32mIncoming Request: GET /test - Body: {"password":"***REDACTED***","token":"***REDACTED***"} - Query: {"filter":"value"} - Params: {"id":"123"}[39m
[32m[Nest] 32316  - [39m19/12/2025, 4:09:52 p.â”¬Ã¡m. [32m    LOG[39m [38;5;3m[LoggingInterceptor] [39m[32mIncoming Request: GET /test - Body: undefined - Query: {} - Params: {}[39m
[32m[Nest] 32316  - [39m19/12/2025, 4:09:52 p.â”¬Ã¡m. [32m    LOG[39m [38;5;3m[LoggingInterceptor] [39m[32mOutgoing Response: GET /test - Status: 200 - Time: 0ms[39m
 PASS  src/shared/exceptions/entity-not-found.exception.spec.ts
 PASS  src/application/initiatives/services/initiatives.service.spec.ts (15.888 s)
 PASS  src/application/epics/services/epics.service.spec.ts (15.91 s)
 FAIL  src/infrastructure/database/repositories/catalogs.repository.spec.ts (16.008 s)
  Ã”Ã¹Ã… CatalogsRepository Ã”Ã‡â•‘ should be defined

    Nest can't resolve dependencies of the CatalogsRepository (PriorityRepository, LifecycleStatusRepository, RiskLevelRepository, ComplexityRepository, EffortEstimateTypeRepository, RequirementTypeRepository, ?). Please make sure that the argument "VerificationMethodRepository" at index [6] is available in the RootTestModule context.

    Potential solutions:
    - Is RootTestModule a valid NestJS module?
    - If "VerificationMethodRepository" is a provider, is it part of the current RootTestModule?
    - If "VerificationMethodRepository" is exported from a separate @Module, is that module imported within RootTestModule?
      @Module({
        imports: [ /* the Module containing "VerificationMethodRepository" */ ]
      })

      17 |
      18 |   beforeEach(async () => {
    > 19 |     const module: TestingModule = await Test.createTestingModule({
         |                                   ^
      20 |       providers: [
      21 |         CatalogsRepository,
      22 |         { provide: getRepositoryToken(Priority), useValue: mockRepository },

      at TestingInjector.lookupComponentInParentModules (../node_modules/@nestjs/core/injector/injector.js:262:19)
      at TestingInjector.resolveComponentInstance (../node_modules/@nestjs/core/injector/injector.js:215:33)
      at TestingInjector.resolveComponentInstance (../node_modules/@nestjs/testing/testing-injector.js:19:45)
      at resolveParam (../node_modules/@nestjs/core/injector/injector.js:129:38)
          at async Promise.all (index 6)
      at TestingInjector.resolveConstructorParams (../node_modules/@nestjs/core/injector/injector.js:144:27)
      at TestingInjector.loadInstance (../node_modules/@nestjs/core/injector/injector.js:70:13)
      at TestingInjector.loadProvider (../node_modules/@nestjs/core/injector/injector.js:98:9)
      at ../node_modules/@nestjs/core/injector/instance-loader.js:56:13
          at async Promise.all (index 3)
      at TestingInstanceLoader.createInstancesOfProviders (../node_modules/@nestjs/core/injector/instance-loader.js:55:9)
      at ../node_modules/@nestjs/core/injector/instance-loader.js:40:13
          at async Promise.all (index 1)
      at TestingInstanceLoader.createInstances (../node_modules/@nestjs/core/injector/instance-loader.js:39:9)
      at TestingInstanceLoader.createInstancesOfDependencies (../node_modules/@nestjs/core/injector/instance-loader.js:22:13)
      at TestingInstanceLoader.createInstancesOfDependencies (../node_modules/@nestjs/testing/testing-instance-loader.js:9:9)
      at TestingModuleBuilder.createInstancesOfDependencies (../node_modules/@nestjs/testing/testing-module.builder.js:118:9)
      at TestingModuleBuilder.compile (../node_modules/@nestjs/testing/testing-module.builder.js:74:9)
      at Object.<anonymous> (infrastructure/database/repositories/catalogs.repository.spec.ts:19:35)

  Ã”Ã¹Ã… CatalogsRepository Ã”Ã‡â•‘ findAllPriorities Ã”Ã‡â•‘ should return priorities

    Nest can't resolve dependencies of the CatalogsRepository (PriorityRepository, LifecycleStatusRepository, RiskLevelRepository, ComplexityRepository, EffortEstimateTypeRepository, RequirementTypeRepository, ?). Please make sure that the argument "VerificationMethodRepository" at index [6] is available in the RootTestModule context.

    Potential solutions:
    - Is RootTestModule a valid NestJS module?
    - If "VerificationMethodRepository" is a provider, is it part of the current RootTestModule?
    - If "VerificationMethodRepository" is exported from a separate @Module, is that module imported within RootTestModule?
      @Module({
        imports: [ /* the Module containing "VerificationMethodRepository" */ ]
      })

      17 |
      18 |   beforeEach(async () => {
    > 19 |     const module: TestingModule = await Test.createTestingModule({
         |                                   ^
      20 |       providers: [
      21 |         CatalogsRepository,
      22 |         { provide: getRepositoryToken(Priority), useValue: mockRepository },

      at TestingInjector.lookupComponentInParentModules (../node_modules/@nestjs/core/injector/injector.js:262:19)
      at TestingInjector.resolveComponentInstance (../node_modules/@nestjs/core/injector/injector.js:215:33)
      at TestingInjector.resolveComponentInstance (../node_modules/@nestjs/testing/testing-injector.js:19:45)
      at resolveParam (../node_modules/@nestjs/core/injector/injector.js:129:38)
          at async Promise.all (index 6)
      at TestingInjector.resolveConstructorParams (../node_modules/@nestjs/core/injector/injector.js:144:27)
      at TestingInjector.loadInstance (../node_modules/@nestjs/core/injector/injector.js:70:13)
      at TestingInjector.loadProvider (../node_modules/@nestjs/core/injector/injector.js:98:9)
      at ../node_modules/@nestjs/core/injector/instance-loader.js:56:13
          at async Promise.all (index 3)
      at TestingInstanceLoader.createInstancesOfProviders (../node_modules/@nestjs/core/injector/instance-loader.js:55:9)
      at ../node_modules/@nestjs/core/injector/instance-loader.js:40:13
          at async Promise.all (index 1)
      at TestingInstanceLoader.createInstances (../node_modules/@nestjs/core/injector/instance-loader.js:39:9)
      at TestingInstanceLoader.createInstancesOfDependencies (../node_modules/@nestjs/core/injector/instance-loader.js:22:13)
      at TestingInstanceLoader.createInstancesOfDependencies (../node_modules/@nestjs/testing/testing-instance-loader.js:9:9)
      at TestingModuleBuilder.createInstancesOfDependencies (../node_modules/@nestjs/testing/testing-module.builder.js:118:9)
      at TestingModuleBuilder.compile (../node_modules/@nestjs/testing/testing-module.builder.js:74:9)
      at Object.<anonymous> (infrastructure/database/repositories/catalogs.repository.spec.ts:19:35)

  Ã”Ã¹Ã… CatalogsRepository Ã”Ã‡â•‘ findAllStatuses Ã”Ã‡â•‘ should return statuses

    Nest can't resolve dependencies of the CatalogsRepository (PriorityRepository, LifecycleStatusRepository, RiskLevelRepository, ComplexityRepository, EffortEstimateTypeRepository, RequirementTypeRepository, ?). Please make sure that the argument "VerificationMethodRepository" at index [6] is available in the RootTestModule context.

    Potential solutions:
    - Is RootTestModule a valid NestJS module?
    - If "VerificationMethodRepository" is a provider, is it part of the current RootTestModule?
    - If "VerificationMethodRepository" is exported from a separate @Module, is that module imported within RootTestModule?
      @Module({
        imports: [ /* the Module containing "VerificationMethodRepository" */ ]
      })

      17 |
      18 |   beforeEach(async () => {
    > 19 |     const module: TestingModule = await Test.createTestingModule({
         |                                   ^
      20 |       providers: [
      21 |         CatalogsRepository,
      22 |         { provide: getRepositoryToken(Priority), useValue: mockRepository },

      at TestingInjector.lookupComponentInParentModules (../node_modules/@nestjs/core/injector/injector.js:262:19)
      at TestingInjector.resolveComponentInstance (../node_modules/@nestjs/core/injector/injector.js:215:33)
      at TestingInjector.resolveComponentInstance (../node_modules/@nestjs/testing/testing-injector.js:19:45)
      at resolveParam (../node_modules/@nestjs/core/injector/injector.js:129:38)
          at async Promise.all (index 6)
      at TestingInjector.resolveConstructorParams (../node_modules/@nestjs/core/injector/injector.js:144:27)
      at TestingInjector.loadInstance (../node_modules/@nestjs/core/injector/injector.js:70:13)
      at TestingInjector.loadProvider (../node_modules/@nestjs/core/injector/injector.js:98:9)
      at ../node_modules/@nestjs/core/injector/instance-loader.js:56:13
          at async Promise.all (index 3)
      at TestingInstanceLoader.createInstancesOfProviders (../node_modules/@nestjs/core/injector/instance-loader.js:55:9)
      at ../node_modules/@nestjs/core/injector/instance-loader.js:40:13
          at async Promise.all (index 1)
      at TestingInstanceLoader.createInstances (../node_modules/@nestjs/core/injector/instance-loader.js:39:9)
      at TestingInstanceLoader.createInstancesOfDependencies (../node_modules/@nestjs/core/injector/instance-loader.js:22:13)
      at TestingInstanceLoader.createInstancesOfDependencies (../node_modules/@nestjs/testing/testing-instance-loader.js:9:9)
      at TestingModuleBuilder.createInstancesOfDependencies (../node_modules/@nestjs/testing/testing-module.builder.js:118:9)
      at TestingModuleBuilder.compile (../node_modules/@nestjs/testing/testing-module.builder.js:74:9)
      at Object.<anonymous> (infrastructure/database/repositories/catalogs.repository.spec.ts:19:35)

  Ã”Ã¹Ã… CatalogsRepository Ã”Ã‡â•‘ findAllRiskLevels Ã”Ã‡â•‘ should return risk levels

    Nest can't resolve dependencies of the CatalogsRepository (PriorityRepository, LifecycleStatusRepository, RiskLevelRepository, ComplexityRepository, EffortEstimateTypeRepository, RequirementTypeRepository, ?). Please make sure that the argument "VerificationMethodRepository" at index [6] is available in the RootTestModule context.

    Potential solutions:
    - Is RootTestModule a valid NestJS module?
    - If "VerificationMethodRepository" is a provider, is it part of the current RootTestModule?
    - If "VerificationMethodRepository" is exported from a separate @Module, is that module imported within RootTestModule?
      @Module({
        imports: [ /* the Module containing "VerificationMethodRepository" */ ]
      })

      17 |
      18 |   beforeEach(async () => {
    > 19 |     const module: TestingModule = await Test.createTestingModule({
         |                                   ^
      20 |       providers: [
      21 |         CatalogsRepository,
      22 |         { provide: getRepositoryToken(Priority), useValue: mockRepository },

      at TestingInjector.lookupComponentInParentModules (../node_modules/@nestjs/core/injector/injector.js:262:19)
      at TestingInjector.resolveComponentInstance (../node_modules/@nestjs/core/injector/injector.js:215:33)
      at TestingInjector.resolveComponentInstance (../node_modules/@nestjs/testing/testing-injector.js:19:45)
      at resolveParam (../node_modules/@nestjs/core/injector/injector.js:129:38)
          at async Promise.all (index 6)
      at TestingInjector.resolveConstructorParams (../node_modules/@nestjs/core/injector/injector.js:144:27)
      at TestingInjector.loadInstance (../node_modules/@nestjs/core/injector/injector.js:70:13)
      at TestingInjector.loadProvider (../node_modules/@nestjs/core/injector/injector.js:98:9)
      at ../node_modules/@nestjs/core/injector/instance-loader.js:56:13
          at async Promise.all (index 3)
      at TestingInstanceLoader.createInstancesOfProviders (../node_modules/@nestjs/core/injector/instance-loader.js:55:9)
      at ../node_modules/@nestjs/core/injector/instance-loader.js:40:13
          at async Promise.all (index 1)
      at TestingInstanceLoader.createInstances (../node_modules/@nestjs/core/injector/instance-loader.js:39:9)
      at TestingInstanceLoader.createInstancesOfDependencies (../node_modules/@nestjs/core/injector/instance-loader.js:22:13)
      at TestingInstanceLoader.createInstancesOfDependencies (../node_modules/@nestjs/testing/testing-instance-loader.js:9:9)
      at TestingModuleBuilder.createInstancesOfDependencies (../node_modules/@nestjs/testing/testing-module.builder.js:118:9)
      at TestingModuleBuilder.compile (../node_modules/@nestjs/testing/testing-module.builder.js:74:9)
      at Object.<anonymous> (infrastructure/database/repositories/catalogs.repository.spec.ts:19:35)

  Ã”Ã¹Ã… CatalogsRepository Ã”Ã‡â•‘ findAllComplexities Ã”Ã‡â•‘ should return complexities

    Nest can't resolve dependencies of the CatalogsRepository (PriorityRepository, LifecycleStatusRepository, RiskLevelRepository, ComplexityRepository, EffortEstimateTypeRepository, RequirementTypeRepository, ?). Please make sure that the argument "VerificationMethodRepository" at index [6] is available in the RootTestModule context.

    Potential solutions:
    - Is RootTestModule a valid NestJS module?
    - If "VerificationMethodRepository" is a provider, is it part of the current RootTestModule?
    - If "VerificationMethodRepository" is exported from a separate @Module, is that module imported within RootTestModule?
      @Module({
        imports: [ /* the Module containing "VerificationMethodRepository" */ ]
      })

      17 |
      18 |   beforeEach(async () => {
    > 19 |     const module: TestingModule = await Test.createTestingModule({
         |                                   ^
      20 |       providers: [
      21 |         CatalogsRepository,
      22 |         { provide: getRepositoryToken(Priority), useValue: mockRepository },

      at TestingInjector.lookupComponentInParentModules (../node_modules/@nestjs/core/injector/injector.js:262:19)
      at TestingInjector.resolveComponentInstance (../node_modules/@nestjs/core/injector/injector.js:215:33)
      at TestingInjector.resolveComponentInstance (../node_modules/@nestjs/testing/testing-injector.js:19:45)
      at resolveParam (../node_modules/@nestjs/core/injector/injector.js:129:38)
          at async Promise.all (index 6)
      at TestingInjector.resolveConstructorParams (../node_modules/@nestjs/core/injector/injector.js:144:27)
      at TestingInjector.loadInstance (../node_modules/@nestjs/core/injector/injector.js:70:13)
      at TestingInjector.loadProvider (../node_modules/@nestjs/core/injector/injector.js:98:9)
      at ../node_modules/@nestjs/core/injector/instance-loader.js:56:13
          at async Promise.all (index 3)
      at TestingInstanceLoader.createInstancesOfProviders (../node_modules/@nestjs/core/injector/instance-loader.js:55:9)
      at ../node_modules/@nestjs/core/injector/instance-loader.js:40:13
          at async Promise.all (index 1)
      at TestingInstanceLoader.createInstances (../node_modules/@nestjs/core/injector/instance-loader.js:39:9)
      at TestingInstanceLoader.createInstancesOfDependencies (../node_modules/@nestjs/core/injector/instance-loader.js:22:13)
      at TestingInstanceLoader.createInstancesOfDependencies (../node_modules/@nestjs/testing/testing-instance-loader.js:9:9)
      at TestingModuleBuilder.createInstancesOfDependencies (../node_modules/@nestjs/testing/testing-module.builder.js:118:9)
      at TestingModuleBuilder.compile (../node_modules/@nestjs/testing/testing-module.builder.js:74:9)
      at Object.<anonymous> (infrastructure/database/repositories/catalogs.repository.spec.ts:19:35)

  Ã”Ã¹Ã… CatalogsRepository Ã”Ã‡â•‘ findAllEffortTypes Ã”Ã‡â•‘ should return effort types

    Nest can't resolve dependencies of the CatalogsRepository (PriorityRepository, LifecycleStatusRepository, RiskLevelRepository, ComplexityRepository, EffortEstimateTypeRepository, RequirementTypeRepository, ?). Please make sure that the argument "VerificationMethodRepository" at index [6] is available in the RootTestModule context.

    Potential solutions:
    - Is RootTestModule a valid NestJS module?
    - If "VerificationMethodRepository" is a provider, is it part of the current RootTestModule?
    - If "VerificationMethodRepository" is exported from a separate @Module, is that module imported within RootTestModule?
      @Module({
        imports: [ /* the Module containing "VerificationMethodRepository" */ ]
      })

      17 |
      18 |   beforeEach(async () => {
    > 19 |     const module: TestingModule = await Test.createTestingModule({
         |                                   ^
      20 |       providers: [
      21 |         CatalogsRepository,
      22 |         { provide: getRepositoryToken(Priority), useValue: mockRepository },

      at TestingInjector.lookupComponentInParentModules (../node_modules/@nestjs/core/injector/injector.js:262:19)
      at TestingInjector.resolveComponentInstance (../node_modules/@nestjs/core/injector/injector.js:215:33)
      at TestingInjector.resolveComponentInstance (../node_modules/@nestjs/testing/testing-injector.js:19:45)
      at resolveParam (../node_modules/@nestjs/core/injector/injector.js:129:38)
          at async Promise.all (index 6)
      at TestingInjector.resolveConstructorParams (../node_modules/@nestjs/core/injector/injector.js:144:27)
      at TestingInjector.loadInstance (../node_modules/@nestjs/core/injector/injector.js:70:13)
      at TestingInjector.loadProvider (../node_modules/@nestjs/core/injector/injector.js:98:9)
      at ../node_modules/@nestjs/core/injector/instance-loader.js:56:13
          at async Promise.all (index 3)
      at TestingInstanceLoader.createInstancesOfProviders (../node_modules/@nestjs/core/injector/instance-loader.js:55:9)
      at ../node_modules/@nestjs/core/injector/instance-loader.js:40:13
          at async Promise.all (index 1)
      at TestingInstanceLoader.createInstances (../node_modules/@nestjs/core/injector/instance-loader.js:39:9)
      at TestingInstanceLoader.createInstancesOfDependencies (../node_modules/@nestjs/core/injector/instance-loader.js:22:13)
      at TestingInstanceLoader.createInstancesOfDependencies (../node_modules/@nestjs/testing/testing-instance-loader.js:9:9)
      at TestingModuleBuilder.createInstancesOfDependencies (../node_modules/@nestjs/testing/testing-module.builder.js:118:9)
      at TestingModuleBuilder.compile (../node_modules/@nestjs/testing/testing-module.builder.js:74:9)
      at Object.<anonymous> (infrastructure/database/repositories/catalogs.repository.spec.ts:19:35)

  Ã”Ã¹Ã… CatalogsRepository Ã”Ã‡â•‘ findAllTypes Ã”Ã‡â•‘ should return types

    Nest can't resolve dependencies of the CatalogsRepository (PriorityRepository, LifecycleStatusRepository, RiskLevelRepository, ComplexityRepository, EffortEstimateTypeRepository, RequirementTypeRepository, ?). Please make sure that the argument "VerificationMethodRepository" at index [6] is available in the RootTestModule context.

    Potential solutions:
    - Is RootTestModule a valid NestJS module?
    - If "VerificationMethodRepository" is a provider, is it part of the current RootTestModule?
    - If "VerificationMethodRepository" is exported from a separate @Module, is that module imported within RootTestModule?
      @Module({
        imports: [ /* the Module containing "VerificationMethodRepository" */ ]
      })

      17 |
      18 |   beforeEach(async () => {
    > 19 |     const module: TestingModule = await Test.createTestingModule({
         |                                   ^
      20 |       providers: [
      21 |         CatalogsRepository,
      22 |         { provide: getRepositoryToken(Priority), useValue: mockRepository },

      at TestingInjector.lookupComponentInParentModules (../node_modules/@nestjs/core/injector/injector.js:262:19)
      at TestingInjector.resolveComponentInstance (../node_modules/@nestjs/core/injector/injector.js:215:33)
      at TestingInjector.resolveComponentInstance (../node_modules/@nestjs/testing/testing-injector.js:19:45)
      at resolveParam (../node_modules/@nestjs/core/injector/injector.js:129:38)
          at async Promise.all (index 6)
      at TestingInjector.resolveConstructorParams (../node_modules/@nestjs/core/injector/injector.js:144:27)
      at TestingInjector.loadInstance (../node_modules/@nestjs/core/injector/injector.js:70:13)
      at TestingInjector.loadProvider (../node_modules/@nestjs/core/injector/injector.js:98:9)
      at ../node_modules/@nestjs/core/injector/instance-loader.js:56:13
          at async Promise.all (index 3)
      at TestingInstanceLoader.createInstancesOfProviders (../node_modules/@nestjs/core/injector/instance-loader.js:55:9)
      at ../node_modules/@nestjs/core/injector/instance-loader.js:40:13
          at async Promise.all (index 1)
      at TestingInstanceLoader.createInstances (../node_modules/@nestjs/core/injector/instance-loader.js:39:9)
      at TestingInstanceLoader.createInstancesOfDependencies (../node_modules/@nestjs/core/injector/instance-loader.js:22:13)
      at TestingInstanceLoader.createInstancesOfDependencies (../node_modules/@nestjs/testing/testing-instance-loader.js:9:9)
      at TestingModuleBuilder.createInstancesOfDependencies (../node_modules/@nestjs/testing/testing-module.builder.js:118:9)
      at TestingModuleBuilder.compile (../node_modules/@nestjs/testing/testing-module.builder.js:74:9)
      at Object.<anonymous> (infrastructure/database/repositories/catalogs.repository.spec.ts:19:35)

 PASS  src/infrastructure/repositories/user.repository.spec.ts (15.96 s)
 FAIL  src/infrastructure/database/repositories/epics.repository.spec.ts (15.977 s)
  Ã”Ã¹Ã… EpicsRepository Ã”Ã‡â•‘ findById Ã”Ã‡â•‘ should return one epic

    expect(received).toBe(expected) // Object.is equality

    Expected: {}
    Received: undefined

      49 |       const result = new Epic();
      50 |       mockTypeOrmRepository.findOneBy.mockResolvedValue(result);
    > 51 |       expect(await repository.findById('1')).toBe(result);
         |                                              ^
      52 |     });
      53 |   });
      54 |

      at Object.<anonymous> (infrastructure/database/repositories/epics.repository.spec.ts:51:46)

  Ã”Ã¹Ã… EpicsRepository Ã”Ã‡â•‘ update Ã”Ã‡â•‘ should update an epic

    expect(received).toBe(expected) // Object.is equality

    Expected: {}
    Received: undefined

      66 |       mockTypeOrmRepository.update.mockResolvedValue(undefined);
      67 |       mockTypeOrmRepository.findOneBy.mockResolvedValue(epic);
    > 68 |       expect(await repository.update('1', {})).toBe(epic);
         |                                                ^
      69 |     });
      70 |   });
      71 |

      at Object.<anonymous> (infrastructure/database/repositories/epics.repository.spec.ts:68:48)

 PASS  src/presentation/users/users.controller.spec.ts (16.162 s)
 PASS  src/infrastructure/repositories/portfolio.repository.spec.ts (16.062 s)
 PASS  src/presentation/catalogs/catalogs.controller.spec.ts (16.161 s)
 PASS  src/presentation/auth/auth.controller.spec.ts (16.063 s)
 PASS  src/presentation/requirements/requirements.controller.spec.ts (16.813 s)
 PASS  src/presentation/epics/epics.controller.spec.ts (16.742 s)
 PASS  src/presentation/initiatives/initiatives.controller.spec.ts (16.842 s)
 FAIL  src/application/requirements/services/requirements.service.spec.ts
  Ã”Ã¹Ã… Test suite failed to run

    src/application/requirements/services/requirements.service.spec.ts:50:44 - error TS2345: Argument of type 'Requirement[]' is not assignable to parameter of type '{ items: Requirement[]; total: number; } | Promise<{ items: Requirement[]; total: number; }>'.

    50       repository.findAll.mockResolvedValue([mockRequirement]);
                                                  ~~~~~~~~~~~~~~~~~

 FAIL  src/domain/entities/agile-entities.spec.ts
  Ã”Ã¹Ã… Test suite failed to run

    src/domain/entities/agile-entities.spec.ts:1:22 - error TS2307: Cannot find module './team.entity' or its corresponding type declarations.

    1 import { Team } from './team.entity';
                           ~~~~~~~~~~~~~~~
    src/domain/entities/agile-entities.spec.ts:2:28 - error TS2307: Cannot find module './team-member.entity' or its corresponding type declarations.

    2 import { TeamMember } from './team-member.entity';
                                 ~~~~~~~~~~~~~~~~~~~~~~
    src/domain/entities/agile-entities.spec.ts:3:39 - error TS2307: Cannot find module './requirement-dependency.entity' or its corresponding type declarations.

    3 import { RequirementDependency } from './requirement-dependency.entity';
                                            ~~~~~~~~~~~~~~~~~~~~~~~~~~~~~~~~~
    src/domain/entities/agile-entities.spec.ts:4:31 - error TS2307: Cannot find module './status-history.entity' or its corresponding type declarations.

    4 import { StatusHistory } from './status-history.entity';
                                    ~~~~~~~~~~~~~~~~~~~~~~~~~
    src/domain/entities/agile-entities.spec.ts:5:24 - error TS2307: Cannot find module './sprint.entity' or its corresponding type declarations.

    5 import { Sprint } from './sprint.entity';
                             ~~~~~~~~~~~~~~~~~

 FAIL  src/presentation/portfolios/portfolios.controller.spec.ts
  Ã”Ã¹Ã… Test suite failed to run

    src/presentation/portfolios/portfolios.controller.spec.ts:38:41 - error TS2345: Argument of type 'Portfolio[]' is not assignable to parameter of type '{ items: Portfolio[]; total: number; } | Promise<{ items: Portfolio[]; total: number; }>'.

    38       service.findAll.mockResolvedValue([mockPortfolio]);
                                               ~~~~~~~~~~~~~~~

 FAIL  src/infrastructure/repositories/requirement.repository.spec.ts
  Ã”Ã¹Ã… Test suite failed to run

    src/infrastructure/repositories/requirement.repository.spec.ts:77:39 - error TS2554: Expected 1 arguments, but got 0.

    77       const result = await repository.findAll();
                                             ~~~~~~~

      src/infrastructure/repositories/requirement.repository.ts:14:17
        14   async findAll(options: any): Promise<{ items: Requirement[], total: number }> {
                           ~~~~~~~~~~~~
        An argument for 'options' was not provided.

Summary of all failing tests
 FAIL  infrastructure/auth/guards/jwt-auth.guard.spec.ts (13.759 s)
  Ã”Ã¹Ã… JwtAuthGuard Ã”Ã‡â•‘ canActivate Ã”Ã‡â•‘ should allow access for public routes

    expect(jest.fn()).toHaveBeenCalledWith(...expected)

    Expected: "isPublic", [undefined, undefined]

    Number of calls: 0

      31 |
      32 |       expect(result).toBe(true);
    > 33 |       expect(reflector.getAllAndOverride).toHaveBeenCalledWith('isPublic', [
         |                                           ^
      34 |         mockContext.getHandler(),
      35 |         mockContext.getClass(),
      36 |       ]);

      at Object.<anonymous> (infrastructure/auth/guards/jwt-auth.guard.spec.ts:33:43)

  Ã”Ã¹Ã… JwtAuthGuard Ã”Ã‡â•‘ canActivate Ã”Ã‡â•‘ should call parent canActivate for protected routes

    expect(jest.fn()).toHaveBeenCalledWith(...expected)

    Expected: "isPublic", [undefined, undefined]

    Number of calls: 0

      55 |       guard.canActivate(mockContext);
      56 |
    > 57 |       expect(reflector.getAllAndOverride).toHaveBeenCalledWith('isPublic', [
         |                                           ^
      58 |         mockContext.getHandler(),
      59 |         mockContext.getClass(),
      60 |       ]);

      at Object.<anonymous> (infrastructure/auth/guards/jwt-auth.guard.spec.ts:57:43)

 FAIL  infrastructure/database/repositories/initiatives.repository.spec.ts (14.98 s)
  Ã”Ã¹Ã… InitiativesRepository Ã”Ã‡â•‘ findById Ã”Ã‡â•‘ should return one initiative

    expect(received).toBe(expected) // Object.is equality

    Expected: {}
    Received: undefined

      49 |       const result = new Initiative();
      50 |       mockTypeOrmRepository.findOneBy.mockResolvedValue(result);
    > 51 |       expect(await repository.findById('1')).toBe(result);
         |                                              ^
      52 |     });
      53 |   });
      54 |

      at Object.<anonymous> (infrastructure/database/repositories/initiatives.repository.spec.ts:51:46)

  Ã”Ã¹Ã… InitiativesRepository Ã”Ã‡â•‘ update Ã”Ã‡â•‘ should update an initiative

    expect(received).toBe(expected) // Object.is equality

    Expected: {}
    Received: undefined

      66 |       mockTypeOrmRepository.update.mockResolvedValue(undefined);
      67 |       mockTypeOrmRepository.findOneBy.mockResolvedValue(initiative);
    > 68 |       expect(await repository.update('1', {})).toBe(initiative);
         |                                                ^
      69 |     });
      70 |   });
      71 |

      at Object.<anonymous> (infrastructure/database/repositories/initiatives.repository.spec.ts:68:48)

 FAIL  infrastructure/database/repositories/catalogs.repository.spec.ts (16.008 s)
  Ã”Ã¹Ã… CatalogsRepository Ã”Ã‡â•‘ should be defined

    Nest can't resolve dependencies of the CatalogsRepository (PriorityRepository, LifecycleStatusRepository, RiskLevelRepository, ComplexityRepository, EffortEstimateTypeRepository, RequirementTypeRepository, ?). Please make sure that the argument "VerificationMethodRepository" at index [6] is available in the RootTestModule context.

    Potential solutions:
    - Is RootTestModule a valid NestJS module?
    - If "VerificationMethodRepository" is a provider, is it part of the current RootTestModule?
    - If "VerificationMethodRepository" is exported from a separate @Module, is that module imported within RootTestModule?
      @Module({
        imports: [ /* the Module containing "VerificationMethodRepository" */ ]
      })

      17 |
      18 |   beforeEach(async () => {
    > 19 |     const module: TestingModule = await Test.createTestingModule({
         |                                   ^
      20 |       providers: [
      21 |         CatalogsRepository,
      22 |         { provide: getRepositoryToken(Priority), useValue: mockRepository },

      at TestingInjector.lookupComponentInParentModules (../node_modules/@nestjs/core/injector/injector.js:262:19)
      at TestingInjector.resolveComponentInstance (../node_modules/@nestjs/core/injector/injector.js:215:33)
      at TestingInjector.resolveComponentInstance (../node_modules/@nestjs/testing/testing-injector.js:19:45)
      at resolveParam (../node_modules/@nestjs/core/injector/injector.js:129:38)
          at async Promise.all (index 6)
      at TestingInjector.resolveConstructorParams (../node_modules/@nestjs/core/injector/injector.js:144:27)
      at TestingInjector.loadInstance (../node_modules/@nestjs/core/injector/injector.js:70:13)
      at TestingInjector.loadProvider (../node_modules/@nestjs/core/injector/injector.js:98:9)
      at ../node_modules/@nestjs/core/injector/instance-loader.js:56:13
          at async Promise.all (index 3)
      at TestingInstanceLoader.createInstancesOfProviders (../node_modules/@nestjs/core/injector/instance-loader.js:55:9)
      at ../node_modules/@nestjs/core/injector/instance-loader.js:40:13
          at async Promise.all (index 1)
      at TestingInstanceLoader.createInstances (../node_modules/@nestjs/core/injector/instance-loader.js:39:9)
      at TestingInstanceLoader.createInstancesOfDependencies (../node_modules/@nestjs/core/injector/instance-loader.js:22:13)
      at TestingInstanceLoader.createInstancesOfDependencies (../node_modules/@nestjs/testing/testing-instance-loader.js:9:9)
      at TestingModuleBuilder.createInstancesOfDependencies (../node_modules/@nestjs/testing/testing-module.builder.js:118:9)
      at TestingModuleBuilder.compile (../node_modules/@nestjs/testing/testing-module.builder.js:74:9)
      at Object.<anonymous> (infrastructure/database/repositories/catalogs.repository.spec.ts:19:35)

  Ã”Ã¹Ã… CatalogsRepository Ã”Ã‡â•‘ findAllPriorities Ã”Ã‡â•‘ should return priorities

    Nest can't resolve dependencies of the CatalogsRepository (PriorityRepository, LifecycleStatusRepository, RiskLevelRepository, ComplexityRepository, EffortEstimateTypeRepository, RequirementTypeRepository, ?). Please make sure that the argument "VerificationMethodRepository" at index [6] is available in the RootTestModule context.

    Potential solutions:
    - Is RootTestModule a valid NestJS module?
    - If "VerificationMethodRepository" is a provider, is it part of the current RootTestModule?
    - If "VerificationMethodRepository" is exported from a separate @Module, is that module imported within RootTestModule?
      @Module({
        imports: [ /* the Module containing "VerificationMethodRepository" */ ]
      })

      17 |
      18 |   beforeEach(async () => {
    > 19 |     const module: TestingModule = await Test.createTestingModule({
         |                                   ^
      20 |       providers: [
      21 |         CatalogsRepository,
      22 |         { provide: getRepositoryToken(Priority), useValue: mockRepository },

      at TestingInjector.lookupComponentInParentModules (../node_modules/@nestjs/core/injector/injector.js:262:19)
      at TestingInjector.resolveComponentInstance (../node_modules/@nestjs/core/injector/injector.js:215:33)
      at TestingInjector.resolveComponentInstance (../node_modules/@nestjs/testing/testing-injector.js:19:45)
      at resolveParam (../node_modules/@nestjs/core/injector/injector.js:129:38)
          at async Promise.all (index 6)
      at TestingInjector.resolveConstructorParams (../node_modules/@nestjs/core/injector/injector.js:144:27)
      at TestingInjector.loadInstance (../node_modules/@nestjs/core/injector/injector.js:70:13)
      at TestingInjector.loadProvider (../node_modules/@nestjs/core/injector/injector.js:98:9)
      at ../node_modules/@nestjs/core/injector/instance-loader.js:56:13
          at async Promise.all (index 3)
      at TestingInstanceLoader.createInstancesOfProviders (../node_modules/@nestjs/core/injector/instance-loader.js:55:9)
      at ../node_modules/@nestjs/core/injector/instance-loader.js:40:13
          at async Promise.all (index 1)
      at TestingInstanceLoader.createInstances (../node_modules/@nestjs/core/injector/instance-loader.js:39:9)
      at TestingInstanceLoader.createInstancesOfDependencies (../node_modules/@nestjs/core/injector/instance-loader.js:22:13)
      at TestingInstanceLoader.createInstancesOfDependencies (../node_modules/@nestjs/testing/testing-instance-loader.js:9:9)
      at TestingModuleBuilder.createInstancesOfDependencies (../node_modules/@nestjs/testing/testing-module.builder.js:118:9)
      at TestingModuleBuilder.compile (../node_modules/@nestjs/testing/testing-module.builder.js:74:9)
      at Object.<anonymous> (infrastructure/database/repositories/catalogs.repository.spec.ts:19:35)

  Ã”Ã¹Ã… CatalogsRepository Ã”Ã‡â•‘ findAllStatuses Ã”Ã‡â•‘ should return statuses

    Nest can't resolve dependencies of the CatalogsRepository (PriorityRepository, LifecycleStatusRepository, RiskLevelRepository, ComplexityRepository, EffortEstimateTypeRepository, RequirementTypeRepository, ?). Please make sure that the argument "VerificationMethodRepository" at index [6] is available in the RootTestModule context.

    Potential solutions:
    - Is RootTestModule a valid NestJS module?
    - If "VerificationMethodRepository" is a provider, is it part of the current RootTestModule?
    - If "VerificationMethodRepository" is exported from a separate @Module, is that module imported within RootTestModule?
      @Module({
        imports: [ /* the Module containing "VerificationMethodRepository" */ ]
      })

      17 |
      18 |   beforeEach(async () => {
    > 19 |     const module: TestingModule = await Test.createTestingModule({
         |                                   ^
      20 |       providers: [
      21 |         CatalogsRepository,
      22 |         { provide: getRepositoryToken(Priority), useValue: mockRepository },

      at TestingInjector.lookupComponentInParentModules (../node_modules/@nestjs/core/injector/injector.js:262:19)
      at TestingInjector.resolveComponentInstance (../node_modules/@nestjs/core/injector/injector.js:215:33)
      at TestingInjector.resolveComponentInstance (../node_modules/@nestjs/testing/testing-injector.js:19:45)
      at resolveParam (../node_modules/@nestjs/core/injector/injector.js:129:38)
          at async Promise.all (index 6)
      at TestingInjector.resolveConstructorParams (../node_modules/@nestjs/core/injector/injector.js:144:27)
      at TestingInjector.loadInstance (../node_modules/@nestjs/core/injector/injector.js:70:13)
      at TestingInjector.loadProvider (../node_modules/@nestjs/core/injector/injector.js:98:9)
      at ../node_modules/@nestjs/core/injector/instance-loader.js:56:13
          at async Promise.all (index 3)
      at TestingInstanceLoader.createInstancesOfProviders (../node_modules/@nestjs/core/injector/instance-loader.js:55:9)
      at ../node_modules/@nestjs/core/injector/instance-loader.js:40:13
          at async Promise.all (index 1)
      at TestingInstanceLoader.createInstances (../node_modules/@nestjs/core/injector/instance-loader.js:39:9)
      at TestingInstanceLoader.createInstancesOfDependencies (../node_modules/@nestjs/core/injector/instance-loader.js:22:13)
      at TestingInstanceLoader.createInstancesOfDependencies (../node_modules/@nestjs/testing/testing-instance-loader.js:9:9)
      at TestingModuleBuilder.createInstancesOfDependencies (../node_modules/@nestjs/testing/testing-module.builder.js:118:9)
      at TestingModuleBuilder.compile (../node_modules/@nestjs/testing/testing-module.builder.js:74:9)
      at Object.<anonymous> (infrastructure/database/repositories/catalogs.repository.spec.ts:19:35)

  Ã”Ã¹Ã… CatalogsRepository Ã”Ã‡â•‘ findAllRiskLevels Ã”Ã‡â•‘ should return risk levels

    Nest can't resolve dependencies of the CatalogsRepository (PriorityRepository, LifecycleStatusRepository, RiskLevelRepository, ComplexityRepository, EffortEstimateTypeRepository, RequirementTypeRepository, ?). Please make sure that the argument "VerificationMethodRepository" at index [6] is available in the RootTestModule context.

    Potential solutions:
    - Is RootTestModule a valid NestJS module?
    - If "VerificationMethodRepository" is a provider, is it part of the current RootTestModule?
    - If "VerificationMethodRepository" is exported from a separate @Module, is that module imported within RootTestModule?
      @Module({
        imports: [ /* the Module containing "VerificationMethodRepository" */ ]
      })

      17 |
      18 |   beforeEach(async () => {
    > 19 |     const module: TestingModule = await Test.createTestingModule({
         |                                   ^
      20 |       providers: [
      21 |         CatalogsRepository,
      22 |         { provide: getRepositoryToken(Priority), useValue: mockRepository },

      at TestingInjector.lookupComponentInParentModules (../node_modules/@nestjs/core/injector/injector.js:262:19)
      at TestingInjector.resolveComponentInstance (../node_modules/@nestjs/core/injector/injector.js:215:33)
      at TestingInjector.resolveComponentInstance (../node_modules/@nestjs/testing/testing-injector.js:19:45)
      at resolveParam (../node_modules/@nestjs/core/injector/injector.js:129:38)
          at async Promise.all (index 6)
      at TestingInjector.resolveConstructorParams (../node_modules/@nestjs/core/injector/injector.js:144:27)
      at TestingInjector.loadInstance (../node_modules/@nestjs/core/injector/injector.js:70:13)
      at TestingInjector.loadProvider (../node_modules/@nestjs/core/injector/injector.js:98:9)
      at ../node_modules/@nestjs/core/injector/instance-loader.js:56:13
          at async Promise.all (index 3)
      at TestingInstanceLoader.createInstancesOfProviders (../node_modules/@nestjs/core/injector/instance-loader.js:55:9)
      at ../node_modules/@nestjs/core/injector/instance-loader.js:40:13
          at async Promise.all (index 1)
      at TestingInstanceLoader.createInstances (../node_modules/@nestjs/core/injector/instance-loader.js:39:9)
      at TestingInstanceLoader.createInstancesOfDependencies (../node_modules/@nestjs/core/injector/instance-loader.js:22:13)
      at TestingInstanceLoader.createInstancesOfDependencies (../node_modules/@nestjs/testing/testing-instance-loader.js:9:9)
      at TestingModuleBuilder.createInstancesOfDependencies (../node_modules/@nestjs/testing/testing-module.builder.js:118:9)
      at TestingModuleBuilder.compile (../node_modules/@nestjs/testing/testing-module.builder.js:74:9)
      at Object.<anonymous> (infrastructure/database/repositories/catalogs.repository.spec.ts:19:35)

  Ã”Ã¹Ã… CatalogsRepository Ã”Ã‡â•‘ findAllComplexities Ã”Ã‡â•‘ should return complexities

    Nest can't resolve dependencies of the CatalogsRepository (PriorityRepository, LifecycleStatusRepository, RiskLevelRepository, ComplexityRepository, EffortEstimateTypeRepository, RequirementTypeRepository, ?). Please make sure that the argument "VerificationMethodRepository" at index [6] is available in the RootTestModule context.

    Potential solutions:
    - Is RootTestModule a valid NestJS module?
    - If "VerificationMethodRepository" is a provider, is it part of the current RootTestModule?
    - If "VerificationMethodRepository" is exported from a separate @Module, is that module imported within RootTestModule?
      @Module({
        imports: [ /* the Module containing "VerificationMethodRepository" */ ]
      })

      17 |
      18 |   beforeEach(async () => {
    > 19 |     const module: TestingModule = await Test.createTestingModule({
         |                                   ^
      20 |       providers: [
      21 |         CatalogsRepository,
      22 |         { provide: getRepositoryToken(Priority), useValue: mockRepository },

      at TestingInjector.lookupComponentInParentModules (../node_modules/@nestjs/core/injector/injector.js:262:19)
      at TestingInjector.resolveComponentInstance (../node_modules/@nestjs/core/injector/injector.js:215:33)
      at TestingInjector.resolveComponentInstance (../node_modules/@nestjs/testing/testing-injector.js:19:45)
      at resolveParam (../node_modules/@nestjs/core/injector/injector.js:129:38)
          at async Promise.all (index 6)
      at TestingInjector.resolveConstructorParams (../node_modules/@nestjs/core/injector/injector.js:144:27)
      at TestingInjector.loadInstance (../node_modules/@nestjs/core/injector/injector.js:70:13)
      at TestingInjector.loadProvider (../node_modules/@nestjs/core/injector/injector.js:98:9)
      at ../node_modules/@nestjs/core/injector/instance-loader.js:56:13
          at async Promise.all (index 3)
      at TestingInstanceLoader.createInstancesOfProviders (../node_modules/@nestjs/core/injector/instance-loader.js:55:9)
      at ../node_modules/@nestjs/core/injector/instance-loader.js:40:13
          at async Promise.all (index 1)
      at TestingInstanceLoader.createInstances (../node_modules/@nestjs/core/injector/instance-loader.js:39:9)
      at TestingInstanceLoader.createInstancesOfDependencies (../node_modules/@nestjs/core/injector/instance-loader.js:22:13)
      at TestingInstanceLoader.createInstancesOfDependencies (../node_modules/@nestjs/testing/testing-instance-loader.js:9:9)
      at TestingModuleBuilder.createInstancesOfDependencies (../node_modules/@nestjs/testing/testing-module.builder.js:118:9)
      at TestingModuleBuilder.compile (../node_modules/@nestjs/testing/testing-module.builder.js:74:9)
      at Object.<anonymous> (infrastructure/database/repositories/catalogs.repository.spec.ts:19:35)

  Ã”Ã¹Ã… CatalogsRepository Ã”Ã‡â•‘ findAllEffortTypes Ã”Ã‡â•‘ should return effort types

    Nest can't resolve dependencies of the CatalogsRepository (PriorityRepository, LifecycleStatusRepository, RiskLevelRepository, ComplexityRepository, EffortEstimateTypeRepository, RequirementTypeRepository, ?). Please make sure that the argument "VerificationMethodRepository" at index [6] is available in the RootTestModule context.

    Potential solutions:
    - Is RootTestModule a valid NestJS module?
    - If "VerificationMethodRepository" is a provider, is it part of the current RootTestModule?
    - If "VerificationMethodRepository" is exported from a separate @Module, is that module imported within RootTestModule?
      @Module({
        imports: [ /* the Module containing "VerificationMethodRepository" */ ]
      })

      17 |
      18 |   beforeEach(async () => {
    > 19 |     const module: TestingModule = await Test.createTestingModule({
         |                                   ^
      20 |       providers: [
      21 |         CatalogsRepository,
      22 |         { provide: getRepositoryToken(Priority), useValue: mockRepository },

      at TestingInjector.lookupComponentInParentModules (../node_modules/@nestjs/core/injector/injector.js:262:19)
      at TestingInjector.resolveComponentInstance (../node_modules/@nestjs/core/injector/injector.js:215:33)
      at TestingInjector.resolveComponentInstance (../node_modules/@nestjs/testing/testing-injector.js:19:45)
      at resolveParam (../node_modules/@nestjs/core/injector/injector.js:129:38)
          at async Promise.all (index 6)
      at TestingInjector.resolveConstructorParams (../node_modules/@nestjs/core/injector/injector.js:144:27)
      at TestingInjector.loadInstance (../node_modules/@nestjs/core/injector/injector.js:70:13)
      at TestingInjector.loadProvider (../node_modules/@nestjs/core/injector/injector.js:98:9)
      at ../node_modules/@nestjs/core/injector/instance-loader.js:56:13
          at async Promise.all (index 3)
      at TestingInstanceLoader.createInstancesOfProviders (../node_modules/@nestjs/core/injector/instance-loader.js:55:9)
      at ../node_modules/@nestjs/core/injector/instance-loader.js:40:13
          at async Promise.all (index 1)
      at TestingInstanceLoader.createInstances (../node_modules/@nestjs/core/injector/instance-loader.js:39:9)
      at TestingInstanceLoader.createInstancesOfDependencies (../node_modules/@nestjs/core/injector/instance-loader.js:22:13)
      at TestingInstanceLoader.createInstancesOfDependencies (../node_modules/@nestjs/testing/testing-instance-loader.js:9:9)
      at TestingModuleBuilder.createInstancesOfDependencies (../node_modules/@nestjs/testing/testing-module.builder.js:118:9)
      at TestingModuleBuilder.compile (../node_modules/@nestjs/testing/testing-module.builder.js:74:9)
      at Object.<anonymous> (infrastructure/database/repositories/catalogs.repository.spec.ts:19:35)

  Ã”Ã¹Ã… CatalogsRepository Ã”Ã‡â•‘ findAllTypes Ã”Ã‡â•‘ should return types

    Nest can't resolve dependencies of the CatalogsRepository (PriorityRepository, LifecycleStatusRepository, RiskLevelRepository, ComplexityRepository, EffortEstimateTypeRepository, RequirementTypeRepository, ?). Please make sure that the argument "VerificationMethodRepository" at index [6] is available in the RootTestModule context.

    Potential solutions:
    - Is RootTestModule a valid NestJS module?
    - If "VerificationMethodRepository" is a provider, is it part of the current RootTestModule?
    - If "VerificationMethodRepository" is exported from a separate @Module, is that module imported within RootTestModule?
      @Module({
        imports: [ /* the Module containing "VerificationMethodRepository" */ ]
      })

      17 |
      18 |   beforeEach(async () => {
    > 19 |     const module: TestingModule = await Test.createTestingModule({
         |                                   ^
      20 |       providers: [
      21 |         CatalogsRepository,
      22 |         { provide: getRepositoryToken(Priority), useValue: mockRepository },

      at TestingInjector.lookupComponentInParentModules (../node_modules/@nestjs/core/injector/injector.js:262:19)
      at TestingInjector.resolveComponentInstance (../node_modules/@nestjs/core/injector/injector.js:215:33)
      at TestingInjector.resolveComponentInstance (../node_modules/@nestjs/testing/testing-injector.js:19:45)
      at resolveParam (../node_modules/@nestjs/core/injector/injector.js:129:38)
          at async Promise.all (index 6)
      at TestingInjector.resolveConstructorParams (../node_modules/@nestjs/core/injector/injector.js:144:27)
      at TestingInjector.loadInstance (../node_modules/@nestjs/core/injector/injector.js:70:13)
      at TestingInjector.loadProvider (../node_modules/@nestjs/core/injector/injector.js:98:9)
      at ../node_modules/@nestjs/core/injector/instance-loader.js:56:13
          at async Promise.all (index 3)
      at TestingInstanceLoader.createInstancesOfProviders (../node_modules/@nestjs/core/injector/instance-loader.js:55:9)
      at ../node_modules/@nestjs/core/injector/instance-loader.js:40:13
          at async Promise.all (index 1)
      at TestingInstanceLoader.createInstances (../node_modules/@nestjs/core/injector/instance-loader.js:39:9)
      at TestingInstanceLoader.createInstancesOfDependencies (../node_modules/@nestjs/core/injector/instance-loader.js:22:13)
      at TestingInstanceLoader.createInstancesOfDependencies (../node_modules/@nestjs/testing/testing-instance-loader.js:9:9)
      at TestingModuleBuilder.createInstancesOfDependencies (../node_modules/@nestjs/testing/testing-module.builder.js:118:9)
      at TestingModuleBuilder.compile (../node_modules/@nestjs/testing/testing-module.builder.js:74:9)
      at Object.<anonymous> (infrastructure/database/repositories/catalogs.repository.spec.ts:19:35)

 FAIL  infrastructure/database/repositories/epics.repository.spec.ts (15.977 s)
  Ã”Ã¹Ã… EpicsRepository Ã”Ã‡â•‘ findById Ã”Ã‡â•‘ should return one epic

    expect(received).toBe(expected) // Object.is equality

    Expected: {}
    Received: undefined

      49 |       const result = new Epic();
      50 |       mockTypeOrmRepository.findOneBy.mockResolvedValue(result);
    > 51 |       expect(await repository.findById('1')).toBe(result);
         |                                              ^
      52 |     });
      53 |   });
      54 |

      at Object.<anonymous> (infrastructure/database/repositories/epics.repository.spec.ts:51:46)

  Ã”Ã¹Ã… EpicsRepository Ã”Ã‡â•‘ update Ã”Ã‡â•‘ should update an epic

    expect(received).toBe(expected) // Object.is equality

    Expected: {}
    Received: undefined

      66 |       mockTypeOrmRepository.update.mockResolvedValue(undefined);
      67 |       mockTypeOrmRepository.findOneBy.mockResolvedValue(epic);
    > 68 |       expect(await repository.update('1', {})).toBe(epic);
         |                                                ^
      69 |     });
      70 |   });
      71 |

      at Object.<anonymous> (infrastructure/database/repositories/epics.repository.spec.ts:68:48)

 FAIL  application/requirements/services/requirements.service.spec.ts
  Ã”Ã¹Ã… Test suite failed to run

    src/application/requirements/services/requirements.service.spec.ts:50:44 - error TS2345: Argument of type 'Requirement[]' is not assignable to parameter of type '{ items: Requirement[]; total: number; } | Promise<{ items: Requirement[]; total: number; }>'.

    50       repository.findAll.mockResolvedValue([mockRequirement]);
                                                  ~~~~~~~~~~~~~~~~~

 FAIL  domain/entities/agile-entities.spec.ts
  Ã”Ã¹Ã… Test suite failed to run

    src/domain/entities/agile-entities.spec.ts:1:22 - error TS2307: Cannot find module './team.entity' or its corresponding type declarations.

    1 import { Team } from './team.entity';
                           ~~~~~~~~~~~~~~~
    src/domain/entities/agile-entities.spec.ts:2:28 - error TS2307: Cannot find module './team-member.entity' or its corresponding type declarations.

    2 import { TeamMember } from './team-member.entity';
                                 ~~~~~~~~~~~~~~~~~~~~~~
    src/domain/entities/agile-entities.spec.ts:3:39 - error TS2307: Cannot find module './requirement-dependency.entity' or its corresponding type declarations.

    3 import { RequirementDependency } from './requirement-dependency.entity';
                                            ~~~~~~~~~~~~~~~~~~~~~~~~~~~~~~~~~
    src/domain/entities/agile-entities.spec.ts:4:31 - error TS2307: Cannot find module './status-history.entity' or its corresponding type declarations.

    4 import { StatusHistory } from './status-history.entity';
                                    ~~~~~~~~~~~~~~~~~~~~~~~~~
    src/domain/entities/agile-entities.spec.ts:5:24 - error TS2307: Cannot find module './sprint.entity' or its corresponding type declarations.

    5 import { Sprint } from './sprint.entity';
                             ~~~~~~~~~~~~~~~~~

 FAIL  presentation/portfolios/portfolios.controller.spec.ts
  Ã”Ã¹Ã… Test suite failed to run

    src/presentation/portfolios/portfolios.controller.spec.ts:38:41 - error TS2345: Argument of type 'Portfolio[]' is not assignable to parameter of type '{ items: Portfolio[]; total: number; } | Promise<{ items: Portfolio[]; total: number; }>'.

    38       service.findAll.mockResolvedValue([mockPortfolio]);
                                               ~~~~~~~~~~~~~~~

 FAIL  infrastructure/repositories/requirement.repository.spec.ts
  Ã”Ã¹Ã… Test suite failed to run

    src/infrastructure/repositories/requirement.repository.spec.ts:77:39 - error TS2554: Expected 1 arguments, but got 0.

    77       const result = await repository.findAll();
                                             ~~~~~~~

      src/infrastructure/repositories/requirement.repository.ts:14:17
        14   async findAll(options: any): Promise<{ items: Requirement[], total: number }> {
                           ~~~~~~~~~~~~
        An argument for 'options' was not provided.


Test Suites: 8 failed, 28 passed, 36 total
Tests:       13 failed, 157 passed, 170 total
Snapshots:   0 total
Time:        20.009 s
Ran all test suites.



 NX   Running target test for project api failed

Failed tasks:

- api:test

Hint: run the command with --verbose for more details.

Warning: command "jest --config jest.config.js" exited with non-zero status code
